Build started 1/11/2016 10:17:15 AM.
     1>Project "D:\from Desktop\My work\Postfix\Postfix\Postfix.vcxproj" on node 2 (Build target(s)).
     1>ClCompile:
         C:\Program Files (x86)\Microsoft Visual Studio 12.0\VC\bin\CL.exe /c /ZI /nologo /W3 /WX- /sdl /Od /Oy- /D _MBCS /Gm /EHsc /RTC1 /MDd /GS /fp:precise /Zc:wchar_t /Zc:forScope /Fo"Debug\\" /Fd"Debug\vc120.pdb" /Gd /TP /analyze- /errorReport:prompt calculate.cpp
         calculate.cpp
     1>d:\from desktop\my work\postfix\postfix\calculate.cpp(1): fatal error C1083: Cannot open include file: 'stdafx.h': No such file or directory
     1>Done Building Project "D:\from Desktop\My work\Postfix\Postfix\Postfix.vcxproj" (Build target(s)) -- FAILED.

Build FAILED.

Time Elapsed 00:00:02.24
